-------------------------------------------------------------------------------
Test set: com.cgabe.AddressBook.WebLayerTest
-------------------------------------------------------------------------------
Tests run: 1, Failures: 0, Errors: 1, Skipped: 0, Time elapsed: 0.324 s <<< FAILURE! - in com.cgabe.AddressBook.WebLayerTest
shouldReturnDefaultMessage  Time elapsed: 0.001 s  <<< ERROR!
java.lang.IllegalStateException: Failed to load ApplicationContext
Caused by: org.springframework.beans.factory.UnsatisfiedDependencyException: Error creating bean with name 'addressBookController' defined in file [/home/gabrielciolac/Documents/SYSC4806-CI/target/classes/com/cgabe/AddressBook/AddressBookController.class]: Unsatisfied dependency expressed through constructor parameter 0; nested exception is org.springframework.beans.factory.NoSuchBeanDefinitionException: No qualifying bean of type 'com.cgabe.AddressBook.AddressBookService' available: expected at least 1 bean which qualifies as autowire candidate. Dependency annotations: {}
Caused by: org.springframework.beans.factory.NoSuchBeanDefinitionException: No qualifying bean of type 'com.cgabe.AddressBook.AddressBookService' available: expected at least 1 bean which qualifies as autowire candidate. Dependency annotations: {}

